Turbo Assembler	 Version 5.0	    04-01-20 11:56:46	    Page 1
rad313B5.ASM



      1	0000			     DATA SEGMENT
      2	0000  27			     VAR1 DB 27H
      3	0001  12			     VAR2 DB 12H
      4	0002  ??			     RESULT DB ?
      5	0003  ??			     REST DB ?
      6	0004			     DATA ENDS
      7	0000			     CODE SEGMENT
      8					     ASSUME CS:CODE,DS:	DATA
      9	0000  B8 0000s		     START:MOV AX,DATA
     10	0003  8E D8			     MOV DS,AX
     11	0005  B8 0000			     MOV AX,0H
     12	0008  BB 0000			     MOV BX,0H
     13	000B  A0 0000r			     MOV AL,VAR1
     14	000E  8A 1E 0001r		     MOV BL,VAR2
     15	0012  F6 F3			     DIV BL
     16	0014  A2 0002r			     MOV RESULT,AL
     17	0017  88 26 0003r		     MOV REST,AH
     18	001B  EB FE			     JMP $
     19
     20
     21
     22	001D			     CODE ENDS
     23				     END START
Turbo Assembler	 Version 5.0	    04-01-20 11:56:46	    Page 2
Symbol Table




Symbol Name			  Type	 Value

??DATE				  Text	 "04-01-20"
??FILENAME			  Text	 "rad313B5"
??TIME				  Text	 "11:56:46"
??VERSION			  Number 0500
@CPU				  Text	 0101H
@CURSEG				  Text	 CODE
@FILENAME			  Text	 RAD313B5
@WORDSIZE			  Text	 2
REST				  Byte	 DATA:0003
RESULT				  Byte	 DATA:0002
START				  Near16 CODE:0000
VAR1				  Byte	 DATA:0000
VAR2				  Byte	 DATA:0001

Groups & Segments		  Bit Size Align  Combine Class

CODE				  16  001D Para	  none
DATA				  16  0004 Para	  none
